Navigation_App/FancyNavi-master/app/build/intermediates/manifest_merge_blame_file/debug/manifest-merger-blame-debug-report.txt
1<?xml version="1.0" encoding="utf-8"?>
2<manifest xmlns:android="http://schemas.android.com/apk/res/android"
3    package="com.fancynavi.android.app"
4    android:versionCode="1"
5    android:versionName="1.0" >
6
7    <uses-sdk
8        android:minSdkVersion="26"
8-->src/main/AndroidManifest.xml
9        android:targetSdkVersion="30" />
9-->src/main/AndroidManifest.xml
10
11    <!-- For apps that interact with a text-to-speech (TTS) engine need to add the following queries element to their manifest files for devices running Android 11 or higher -->
12    <queries>
12-->src/main/AndroidManifest.xml:6:5-10:15
13        <intent>
13-->src/main/AndroidManifest.xml:7:9-9:18
14            <action android:name="android.intent.action.TTS_SERVICE" />
14-->src/main/AndroidManifest.xml:8:13-72
14-->src/main/AndroidManifest.xml:8:21-69
15        </intent>
16    </queries>
17
18    <uses-permission
18-->src/main/AndroidManifest.xml:98:5-100:38
19        android:name="android.permission.READ_PHONE_STATE"
19-->src/main/AndroidManifest.xml:99:9-59
20        android:maxSdkVersion="22" />
20-->src/main/AndroidManifest.xml:100:9-35
21    <uses-permission android:name="android.permission.ACCESS_COARSE_LOCATION" />
21-->src/main/AndroidManifest.xml:101:5-81
21-->src/main/AndroidManifest.xml:101:22-78
22    <uses-permission android:name="android.permission.ACCESS_FINE_LOCATION" />
22-->src/main/AndroidManifest.xml:102:5-79
22-->src/main/AndroidManifest.xml:102:22-76
23    <uses-permission android:name="android.permission.BLUETOOTH" />
23-->src/main/AndroidManifest.xml:103:5-68
23-->src/main/AndroidManifest.xml:103:22-65
24    <uses-permission android:name="android.permission.BLUETOOTH_ADMIN" />
24-->src/main/AndroidManifest.xml:104:5-74
24-->src/main/AndroidManifest.xml:104:22-71
25    <uses-permission android:name="android.permission.READ_EXTERNAL_STORAGE" />
25-->src/main/AndroidManifest.xml:105:5-80
25-->src/main/AndroidManifest.xml:105:22-77
26    <uses-permission android:name="android.permission.WRITE_EXTERNAL_STORAGE" />
26-->src/main/AndroidManifest.xml:106:5-81
26-->src/main/AndroidManifest.xml:106:22-78
27    <uses-permission android:name="android.permission.CHANGE_NETWORK_STATE" />
27-->src/main/AndroidManifest.xml:107:5-79
27-->src/main/AndroidManifest.xml:107:22-76
28    <uses-permission android:name="android.permission.CHANGE_WIFI_STATE" />
28-->src/main/AndroidManifest.xml:108:5-76
28-->src/main/AndroidManifest.xml:108:22-73
29    <uses-permission android:name="android.permission.WAKE_LOCK" />
29-->src/main/AndroidManifest.xml:109:5-68
29-->src/main/AndroidManifest.xml:109:22-65
30    <uses-permission android:name="android.permission.ACCESS_NETWORK_STATE" />
30-->src/main/AndroidManifest.xml:110:5-79
30-->src/main/AndroidManifest.xml:110:22-76
31    <uses-permission android:name="android.permission.INTERNET" />
31-->src/main/AndroidManifest.xml:111:5-67
31-->src/main/AndroidManifest.xml:111:22-64
32    <uses-permission android:name="android.permission.ACCESS_WIFI_STATE" />
32-->src/main/AndroidManifest.xml:112:5-76
32-->src/main/AndroidManifest.xml:112:22-73
33    <uses-permission android:name="android.permission.RECORD_AUDIO" />
33-->src/main/AndroidManifest.xml:113:5-71
33-->src/main/AndroidManifest.xml:113:22-68
34    <uses-permission android:name="android.permission.MODIFY_AUDIO_SETTINGS" />
34-->src/main/AndroidManifest.xml:114:5-80
34-->src/main/AndroidManifest.xml:114:22-77
35    <!-- To allow starting foreground services on Android P+ -->
36    <!-- https://developer.android.com/preview/behavior-changes#fg-svc -->
37    <uses-permission android:name="android.permission.CAMERA" />
37-->src/main/AndroidManifest.xml:117:5-65
37-->src/main/AndroidManifest.xml:117:22-62
38    <uses-permission android:name="android.permission.FOREGROUND_SERVICE" />
38-->src/main/AndroidManifest.xml:119:5-77
38-->src/main/AndroidManifest.xml:119:22-74
39
40    <application
40-->src/main/AndroidManifest.xml:12:5-96:19
41        android:allowBackup="true"
41-->src/main/AndroidManifest.xml:13:9-35
42        android:appComponentFactory="androidx.core.app.CoreComponentFactory"
42-->[androidx.core:core:1.5.0] AndroidManifest.xml:24:18-86
43        android:debuggable="true"
44        android:extractNativeLibs="false"
45        android:fullBackupContent="true"
45-->src/main/AndroidManifest.xml:14:9-41
46        android:icon="@mipmap/ic_navigator"
46-->src/main/AndroidManifest.xml:15:9-44
47        android:label="FancyNavi"
47-->src/main/AndroidManifest.xml:16:9-34
48        android:networkSecurityConfig="@xml/network_security_config"
48-->src/main/AndroidManifest.xml:17:9-69
49        android:supportsRtl="true"
49-->src/main/AndroidManifest.xml:18:9-35
50        android:testOnly="true"
51        android:theme="@style/MSDKUIDarkTheme" >
51-->src/main/AndroidManifest.xml:19:9-47
52        <activity
52-->src/main/AndroidManifest.xml:22:9-51:20
53            android:name="com.fancynavi.android.app.MainActivity"
53-->src/main/AndroidManifest.xml:23:13-66
54            android:configChanges="screenSize|smallestScreenSize|screenLayout|orientation"
54-->src/main/AndroidManifest.xml:24:13-91
55            android:launchMode="singleTask"
55-->src/main/AndroidManifest.xml:25:13-44
56            android:resizeableActivity="true"
56-->src/main/AndroidManifest.xml:26:13-46
57            android:screenOrientation="fullSensor"
57-->src/main/AndroidManifest.xml:27:13-51
58            android:supportsPictureInPicture="true" >
58-->src/main/AndroidManifest.xml:28:13-52
59            <intent-filter>
59-->src/main/AndroidManifest.xml:29:13-33:29
60                <action android:name="android.intent.action.MAIN" />
60-->src/main/AndroidManifest.xml:30:17-69
60-->src/main/AndroidManifest.xml:30:25-66
61
62                <category android:name="android.intent.category.LAUNCHER" />
62-->src/main/AndroidManifest.xml:32:17-77
62-->src/main/AndroidManifest.xml:32:27-74
63            </intent-filter>
64            <intent-filter>
64-->src/main/AndroidManifest.xml:34:13-43:29
65                <action android:name="android.intent.action.VIEW" />
65-->src/main/AndroidManifest.xml:35:17-69
65-->src/main/AndroidManifest.xml:35:25-66
66
67                <category android:name="android.intent.category.DEFAULT" />
67-->src/main/AndroidManifest.xml:37:17-76
67-->src/main/AndroidManifest.xml:37:27-73
68                <category android:name="android.intent.category.BROWSABLE" />
68-->src/main/AndroidManifest.xml:38:17-78
68-->src/main/AndroidManifest.xml:38:27-75
69
70                <data
70-->src/main/AndroidManifest.xml:40:17-42:45
71                    android:host="fancynavi.com"
71-->src/main/AndroidManifest.xml:41:21-49
72                    android:scheme="http" />
72-->src/main/AndroidManifest.xml:42:21-42
73            </intent-filter>
74
75            <layout
75-->src/main/AndroidManifest.xml:45:13-48:45
76                android:defaultHeight="500dp"
76-->src/main/AndroidManifest.xml:47:17-46
77                android:defaultWidth="600dp"
77-->src/main/AndroidManifest.xml:46:17-45
78                android:gravity="top|end" />
78-->src/main/AndroidManifest.xml:48:17-42
79        </activity>
80
81        <meta-data
81-->src/main/AndroidManifest.xml:53:9-55:63
82            android:name="com.google.android.actions"
82-->src/main/AndroidManifest.xml:54:13-54
83            android:resource="@xml/network_security_config" />
83-->src/main/AndroidManifest.xml:55:13-60
84        <!--
85Developers should put application credentials here.To obtain them, please register the application
86         at https://developer.here.com/develop/mobile-sdks
87        -->
88        <!-- <meta-data -->
89        <!-- android:name="com.here.android.maps.appid" -->
90        <!-- android:value="MdgrnOU2OsdYuPbPNz2t" /> -->
91        <!-- <meta-data -->
92        <!-- android:name="com.here.android.maps.apptoken" -->
93        <!-- android:value="jeXznopbGvE8KRhVK3wkMw" /> -->
94        <!-- <meta-data -->
95        <!-- android:name="com.here.android.maps.license.key" -->
96        <!-- android:value="UPTaWVOoRFajEFCEsbKeU90tlM+YxolaCWOX8pRWgNq9JVXegK83ohjN7ou/ix1kisqafUQ0/L1vTu0tXpN8V01n31OSmVp9ZWpWIILLc5sQTDKSewAMmmIoYAOd54Zf336wAuK9daZvrK3i4aDnHRrF0m81inch8cRxjTetOYWX4CFDyRXpsxbfvokFZTFoABIWs2GkBTBNXgwOS6o701o/5/ehvs9cjWttI/qSuUZAWD8wjEmtP0INaal6AlQpis5Bmm4cwl4z8qGM6gy2j+pZsEo9M41PAIgPwSDOgMdBqpUJwHjsN1uFEOCSYteAKBZXMX91JyPy670qc1jVBzv9EIDTnaleTr1xKJDDLhL7TmrJeXqMLiKPqjfcIXQhlwp4GIr5V4Hs9WF17aep49+YQgqr61WUZ5gPSGryeavV6zUMhZujZ9cXM0BPga+OHjuGgVk323XQBvOZhV9LQVx3FDpNbMk0NO4GhUfnQMxWKdVYygEN8EAUJw8e6gxDAMgxGy33wIWvKhZG1PTf/3DR/vyo1ywEQKftrdXCruf4mSVtzIB8DnPJvZ4vamxbf9vZQoT4DZbTYZxWiDlqws82GRQq687rek/mosA1Uq0nUgPMT4y9PpePuXQ78zVY3ttKF0wWpzh6jMSa6buBeKr/hszJlbqersym64V6cSU=" /> -->
97        <!--
98Developers should always provide custom values for each of {YOUR_LABEL_NAME} and {YOUR_INTENT_NAME}.
99        Do not reuse HERE SDK defaults.
100        -->
101        <meta-data
101-->src/main/AndroidManifest.xml:73:9-75:48
102            android:name="INTENT_NAME"
102-->src/main/AndroidManifest.xml:74:13-39
103            android:value="FancyNaviAndroid" />
103-->src/main/AndroidManifest.xml:75:13-45
104
105        <!-- Deprecated from 3.16 -->
106        <!-- <service -->
107        <!-- android:name="com.here.android.mpa.service.MapService" -->
108        <!-- android:label="HereMapService" -->
109        <!-- android:exported="false" -->
110        <!-- android:process="global.Here.Map.Service.v3"> -->
111        <!-- <intent-filter> -->
112        <!-- &lt;!&ndash;Note, action name should not be changed.&ndash;&gt; -->
113        <!-- <action android:name="com.here.android.mpa.service.MapService.v3" /> -->
114        <!-- </intent-filter> -->
115        <!-- </service> -->
116
117
118        <!-- HERE advanced positioning. -->
119        <service
119-->src/main/AndroidManifest.xml:90:9-94:41
120            android:name="com.here.services.internal.LocationService"
120-->src/main/AndroidManifest.xml:91:13-70
121            android:enabled="true"
121-->src/main/AndroidManifest.xml:92:13-35
122            android:exported="false"
122-->src/main/AndroidManifest.xml:93:13-37
123            android:process=":remote" />
123-->src/main/AndroidManifest.xml:94:13-38
124        <service android:name="com.fancynavi.android.app.ForegroundService" />
124-->src/main/AndroidManifest.xml:95:9-79
124-->src/main/AndroidManifest.xml:95:18-76
125        <service
125-->[HERE-sdk.aar] AndroidManifest.xml:12:9-14:40
126            android:name="com.nokia.maps.MapServiceInternal"
126-->[HERE-sdk.aar] AndroidManifest.xml:13:13-61
127            android:exported="false" />
127-->[HERE-sdk.aar] AndroidManifest.xml:14:13-37
128
129        <activity
129-->[com.google.android.gms:play-services-base:17.5.0] AndroidManifest.xml:23:9-26:75
130            android:name="com.google.android.gms.common.api.GoogleApiActivity"
130-->[com.google.android.gms:play-services-base:17.5.0] AndroidManifest.xml:24:13-79
131            android:exported="false"
131-->[com.google.android.gms:play-services-base:17.5.0] AndroidManifest.xml:25:13-37
132            android:theme="@android:style/Theme.Translucent.NoTitleBar" />
132-->[com.google.android.gms:play-services-base:17.5.0] AndroidManifest.xml:26:13-72
133
134        <meta-data
134-->[com.google.android.gms:play-services-basement:17.5.0] AndroidManifest.xml:23:9-25:69
135            android:name="com.google.android.gms.version"
135-->[com.google.android.gms:play-services-basement:17.5.0] AndroidManifest.xml:24:13-58
136            android:value="@integer/google_play_services_version" />
136-->[com.google.android.gms:play-services-basement:17.5.0] AndroidManifest.xml:25:13-66
137    </application>
138
139</manifest>